<?xml version="1.0" encoding="UTF-8"?>
<!-- Generated by org.testng.reporters.JUnitXMLReporter -->
<testsuite ignored="6" hostname="DESKTOP-J7LJ4M1" failures="0" tests="4" name="Test1" time="203.75" errors="0" timestamp="2022-05-19T21:58:51 GMT-07:00">
  <testcase classname="com.SDET34l1.genericUtility.BaseClass" name="@BeforeClass beforeClass1Test" time="87.452">
    <failure type="org.openqa.selenium.WebDriverException" message="chrome not reachable
Build info: version: &amp;apos;3.141.59&amp;apos;, revision: &amp;apos;e82be7d358&amp;apos;, time: &amp;apos;2018-11-14T08:17:03&amp;apos;
System info: host: &amp;apos;DESKTOP-J7LJ4M1&amp;apos;, ip: &amp;apos;192.168.43.242&amp;apos;, os.name: &amp;apos;Windows 10&amp;apos;, os.arch: &amp;apos;amd64&amp;apos;, os.version: &amp;apos;10.0&amp;apos;, java.version: &amp;apos;16.0.1&amp;apos;
Driver info: driver.version: ChromeDriver
remote stacktrace: Backtrace:
	Ordinal0 [0x0045B8F3+2406643]
	Ordinal0 [0x003EAF31+1945393]
	Ordinal0 [0x002DC610+837136]
	Ordinal0 [0x002D036B+787307]
	Ordinal0 [0x002FC268+967272]
	Ordinal0 [0x002F84BA+951482]
	Ordinal0 [0x002F5D71+941425]
	Ordinal0 [0x00328EE0+1150688]
	Ordinal0 [0x00328B3A+1149754]
	Ordinal0 [0x00324096+1130646]
	Ordinal0 [0x002FE636+976438]
	Ordinal0 [0x002FF546+980294]
	GetHandleVerifier [0x006C9612+2498066]
	GetHandleVerifier [0x006BC920+2445600]
	GetHandleVerifier [0x004F4F2A+579370]
	GetHandleVerifier [0x004F3D36+574774]
	Ordinal0 [0x003F1C0B+1973259]
	Ordinal0 [0x003F6688+1992328]
	Ordinal0 [0x003F6775+1992565]
	Ordinal0 [0x003FF8D1+2029777]
	BaseThreadInitThunk [0x762CFA29+25]
	RtlGetAppContainerNamedObjectPath [0x77367A7E+286]
	RtlGetAppContainerNamedObjectPath [0x77367A4E+238]
">
      <![CDATA[org.openqa.selenium.WebDriverException: chrome not reachable
Build info: version: '3.141.59', revision: 'e82be7d358', time: '2018-11-14T08:17:03'
System info: host: 'DESKTOP-J7LJ4M1', ip: '192.168.43.242', os.name: 'Windows 10', os.arch: 'amd64', os.version: '10.0', java.version: '16.0.1'
Driver info: driver.version: ChromeDriver
remote stacktrace: Backtrace:
Ordinal0 [0x0045B8F3+2406643]
Ordinal0 [0x003EAF31+1945393]
Ordinal0 [0x002DC610+837136]
Ordinal0 [0x002D036B+787307]
Ordinal0 [0x002FC268+967272]
Ordinal0 [0x002F84BA+951482]
Ordinal0 [0x002F5D71+941425]
Ordinal0 [0x00328EE0+1150688]
Ordinal0 [0x00328B3A+1149754]
Ordinal0 [0x00324096+1130646]
Ordinal0 [0x002FE636+976438]
Ordinal0 [0x002FF546+980294]
GetHandleVerifier [0x006C9612+2498066]
GetHandleVerifier [0x006BC920+2445600]
GetHandleVerifier [0x004F4F2A+579370]
GetHandleVerifier [0x004F3D36+574774]
Ordinal0 [0x003F1C0B+1973259]
Ordinal0 [0x003F6688+1992328]
Ordinal0 [0x003F6775+1992565]
Ordinal0 [0x003FF8D1+2029777]
BaseThreadInitThunk [0x762CFA29+25]
RtlGetAppContainerNamedObjectPath [0x77367A7E+286]
RtlGetAppContainerNamedObjectPath [0x77367A4E+238]

at org.openqa.selenium.remote.W3CHandshakeResponse.lambda$errorHandler$0(W3CHandshakeResponse.java:62)
at org.openqa.selenium.remote.HandshakeResponse.lambda$getResponseFunction$0(HandshakeResponse.java:30)
at org.openqa.selenium.remote.ProtocolHandshake.lambda$createSession$0(ProtocolHandshake.java:126)
at java.base/java.util.stream.ReferencePipeline$3$1.accept(ReferencePipeline.java:197)
at java.base/java.util.Spliterators$ArraySpliterator.tryAdvance(Spliterators.java:958)
at java.base/java.util.stream.ReferencePipeline.forEachWithCancel(ReferencePipeline.java:129)
at java.base/java.util.stream.AbstractPipeline.copyIntoWithCancel(AbstractPipeline.java:502)
at java.base/java.util.stream.AbstractPipeline.copyInto(AbstractPipeline.java:488)
at java.base/java.util.stream.AbstractPipeline.wrapAndCopyInto(AbstractPipeline.java:474)
at java.base/java.util.stream.FindOps$FindOp.evaluateSequential(FindOps.java:150)
at java.base/java.util.stream.AbstractPipeline.evaluate(AbstractPipeline.java:234)
at java.base/java.util.stream.ReferencePipeline.findFirst(ReferencePipeline.java:647)
at org.openqa.selenium.remote.ProtocolHandshake.createSession(ProtocolHandshake.java:128)
at org.openqa.selenium.remote.ProtocolHandshake.createSession(ProtocolHandshake.java:74)
at org.openqa.selenium.remote.HttpCommandExecutor.execute(HttpCommandExecutor.java:136)
at org.openqa.selenium.remote.service.DriverCommandExecutor.execute(DriverCommandExecutor.java:83)
at org.openqa.selenium.remote.RemoteWebDriver.execute(RemoteWebDriver.java:552)
at org.openqa.selenium.remote.RemoteWebDriver.startSession(RemoteWebDriver.java:213)
at org.openqa.selenium.remote.RemoteWebDriver.<init>(RemoteWebDriver.java:131)
at org.openqa.selenium.chrome.ChromeDriver.<init>(ChromeDriver.java:181)
at org.openqa.selenium.chrome.ChromeDriver.<init>(ChromeDriver.java:168)
at org.openqa.selenium.chrome.ChromeDriver.<init>(ChromeDriver.java:123)
at com.SDET34l1.genericUtility.BaseClass.beforeClass1Test(BaseClass.java:69)
at java.base/java.util.concurrent.ThreadPoolExecutor.runWorker(ThreadPoolExecutor.java:1130)
at java.base/java.util.concurrent.ThreadPoolExecutor$Worker.run(ThreadPoolExecutor.java:630)
at java.base/java.lang.Thread.run(Thread.java:831)
... Removed 15 stack frames]]>
    </failure>
  </testcase> <!-- @BeforeClass beforeClass1Test -->
  <testcase classname="com.SDET34l1.genericUtility.BaseClass" name="@BeforeMethod beforeMethod1Test" time="-1.653022614903E9">
    <skipped/>
  </testcase> <!-- @BeforeMethod beforeMethod1Test -->
  <testcase classname="com.SDET34l1.genericUtility.BaseClass" name="@AfterMethod afterMethod1Test" time="-1.65302261491E9">
    <skipped/>
  </testcase> <!-- @AfterMethod afterMethod1Test -->
  <testcase classname="com.SDET34l1.genericUtility.BaseClass" name="@AfterClass afterClass1Test" time="-1.653022614912E9">
    <skipped/>
  </testcase> <!-- @AfterClass afterClass1Test -->
  <testcase classname="com.SDET34l1.genericUtility.BaseClass" name="@BeforeClass beforeClass1Test" time="88.348">
    <failure type="org.openqa.selenium.WebDriverException" message="chrome not reachable
Build info: version: &amp;apos;3.141.59&amp;apos;, revision: &amp;apos;e82be7d358&amp;apos;, time: &amp;apos;2018-11-14T08:17:03&amp;apos;
System info: host: &amp;apos;DESKTOP-J7LJ4M1&amp;apos;, ip: &amp;apos;192.168.43.242&amp;apos;, os.name: &amp;apos;Windows 10&amp;apos;, os.arch: &amp;apos;amd64&amp;apos;, os.version: &amp;apos;10.0&amp;apos;, java.version: &amp;apos;16.0.1&amp;apos;
Driver info: driver.version: ChromeDriver
remote stacktrace: Backtrace:
	Ordinal0 [0x0045B8F3+2406643]
	Ordinal0 [0x003EAF31+1945393]
	Ordinal0 [0x002DC610+837136]
	Ordinal0 [0x002D036B+787307]
	Ordinal0 [0x002FC268+967272]
	Ordinal0 [0x002F84BA+951482]
	Ordinal0 [0x002F5D71+941425]
	Ordinal0 [0x00328EE0+1150688]
	Ordinal0 [0x00328B3A+1149754]
	Ordinal0 [0x00324096+1130646]
	Ordinal0 [0x002FE636+976438]
	Ordinal0 [0x002FF546+980294]
	GetHandleVerifier [0x006C9612+2498066]
	GetHandleVerifier [0x006BC920+2445600]
	GetHandleVerifier [0x004F4F2A+579370]
	GetHandleVerifier [0x004F3D36+574774]
	Ordinal0 [0x003F1C0B+1973259]
	Ordinal0 [0x003F6688+1992328]
	Ordinal0 [0x003F6775+1992565]
	Ordinal0 [0x003FF8D1+2029777]
	BaseThreadInitThunk [0x762CFA29+25]
	RtlGetAppContainerNamedObjectPath [0x77367A7E+286]
	RtlGetAppContainerNamedObjectPath [0x77367A4E+238]
">
      <![CDATA[org.openqa.selenium.WebDriverException: chrome not reachable
Build info: version: '3.141.59', revision: 'e82be7d358', time: '2018-11-14T08:17:03'
System info: host: 'DESKTOP-J7LJ4M1', ip: '192.168.43.242', os.name: 'Windows 10', os.arch: 'amd64', os.version: '10.0', java.version: '16.0.1'
Driver info: driver.version: ChromeDriver
remote stacktrace: Backtrace:
Ordinal0 [0x0045B8F3+2406643]
Ordinal0 [0x003EAF31+1945393]
Ordinal0 [0x002DC610+837136]
Ordinal0 [0x002D036B+787307]
Ordinal0 [0x002FC268+967272]
Ordinal0 [0x002F84BA+951482]
Ordinal0 [0x002F5D71+941425]
Ordinal0 [0x00328EE0+1150688]
Ordinal0 [0x00328B3A+1149754]
Ordinal0 [0x00324096+1130646]
Ordinal0 [0x002FE636+976438]
Ordinal0 [0x002FF546+980294]
GetHandleVerifier [0x006C9612+2498066]
GetHandleVerifier [0x006BC920+2445600]
GetHandleVerifier [0x004F4F2A+579370]
GetHandleVerifier [0x004F3D36+574774]
Ordinal0 [0x003F1C0B+1973259]
Ordinal0 [0x003F6688+1992328]
Ordinal0 [0x003F6775+1992565]
Ordinal0 [0x003FF8D1+2029777]
BaseThreadInitThunk [0x762CFA29+25]
RtlGetAppContainerNamedObjectPath [0x77367A7E+286]
RtlGetAppContainerNamedObjectPath [0x77367A4E+238]

at org.openqa.selenium.remote.W3CHandshakeResponse.lambda$errorHandler$0(W3CHandshakeResponse.java:62)
at org.openqa.selenium.remote.HandshakeResponse.lambda$getResponseFunction$0(HandshakeResponse.java:30)
at org.openqa.selenium.remote.ProtocolHandshake.lambda$createSession$0(ProtocolHandshake.java:126)
at java.base/java.util.stream.ReferencePipeline$3$1.accept(ReferencePipeline.java:197)
at java.base/java.util.Spliterators$ArraySpliterator.tryAdvance(Spliterators.java:958)
at java.base/java.util.stream.ReferencePipeline.forEachWithCancel(ReferencePipeline.java:129)
at java.base/java.util.stream.AbstractPipeline.copyIntoWithCancel(AbstractPipeline.java:502)
at java.base/java.util.stream.AbstractPipeline.copyInto(AbstractPipeline.java:488)
at java.base/java.util.stream.AbstractPipeline.wrapAndCopyInto(AbstractPipeline.java:474)
at java.base/java.util.stream.FindOps$FindOp.evaluateSequential(FindOps.java:150)
at java.base/java.util.stream.AbstractPipeline.evaluate(AbstractPipeline.java:234)
at java.base/java.util.stream.ReferencePipeline.findFirst(ReferencePipeline.java:647)
at org.openqa.selenium.remote.ProtocolHandshake.createSession(ProtocolHandshake.java:128)
at org.openqa.selenium.remote.ProtocolHandshake.createSession(ProtocolHandshake.java:74)
at org.openqa.selenium.remote.HttpCommandExecutor.execute(HttpCommandExecutor.java:136)
at org.openqa.selenium.remote.service.DriverCommandExecutor.execute(DriverCommandExecutor.java:83)
at org.openqa.selenium.remote.RemoteWebDriver.execute(RemoteWebDriver.java:552)
at org.openqa.selenium.remote.RemoteWebDriver.startSession(RemoteWebDriver.java:213)
at org.openqa.selenium.remote.RemoteWebDriver.<init>(RemoteWebDriver.java:131)
at org.openqa.selenium.chrome.ChromeDriver.<init>(ChromeDriver.java:181)
at org.openqa.selenium.chrome.ChromeDriver.<init>(ChromeDriver.java:168)
at org.openqa.selenium.chrome.ChromeDriver.<init>(ChromeDriver.java:123)
at com.SDET34l1.genericUtility.BaseClass.beforeClass1Test(BaseClass.java:69)
at java.base/java.util.concurrent.ThreadPoolExecutor.runWorker(ThreadPoolExecutor.java:1130)
at java.base/java.util.concurrent.ThreadPoolExecutor$Worker.run(ThreadPoolExecutor.java:630)
at java.base/java.lang.Thread.run(Thread.java:831)
... Removed 15 stack frames]]>
    </failure>
  </testcase> <!-- @BeforeClass beforeClass1Test -->
  <testcase classname="com.SDET34l1.genericUtility.BaseClass" name="@BeforeMethod beforeMethod1Test" time="-1.653022615641E9">
    <skipped/>
  </testcase> <!-- @BeforeMethod beforeMethod1Test -->
  <testcase classname="com.SDET34l1.genericUtility.BaseClass" name="@AfterMethod afterMethod1Test" time="-1.653022615655E9">
    <skipped/>
  </testcase> <!-- @AfterMethod afterMethod1Test -->
  <testcase classname="com.SDET34l1.genericUtility.BaseClass" name="@AfterClass afterClass1Test" time="-1.653022615657E9">
    <skipped/>
  </testcase> <!-- @AfterClass afterClass1Test -->
  <testcase classname="com.SDET34l1.genericUtility.BaseClass" name="@BeforeClass beforeClass1Test" time="88.934">
    <failure type="org.openqa.selenium.WebDriverException" message="chrome not reachable
Build info: version: &amp;apos;3.141.59&amp;apos;, revision: &amp;apos;e82be7d358&amp;apos;, time: &amp;apos;2018-11-14T08:17:03&amp;apos;
System info: host: &amp;apos;DESKTOP-J7LJ4M1&amp;apos;, ip: &amp;apos;192.168.43.242&amp;apos;, os.name: &amp;apos;Windows 10&amp;apos;, os.arch: &amp;apos;amd64&amp;apos;, os.version: &amp;apos;10.0&amp;apos;, java.version: &amp;apos;16.0.1&amp;apos;
Driver info: driver.version: ChromeDriver
remote stacktrace: Backtrace:
	Ordinal0 [0x0045B8F3+2406643]
	Ordinal0 [0x003EAF31+1945393]
	Ordinal0 [0x002DC610+837136]
	Ordinal0 [0x002D036B+787307]
	Ordinal0 [0x002FC268+967272]
	Ordinal0 [0x002F84BA+951482]
	Ordinal0 [0x002F5D71+941425]
	Ordinal0 [0x00328EE0+1150688]
	Ordinal0 [0x00328B3A+1149754]
	Ordinal0 [0x00324096+1130646]
	Ordinal0 [0x002FE636+976438]
	Ordinal0 [0x002FF546+980294]
	GetHandleVerifier [0x006C9612+2498066]
	GetHandleVerifier [0x006BC920+2445600]
	GetHandleVerifier [0x004F4F2A+579370]
	GetHandleVerifier [0x004F3D36+574774]
	Ordinal0 [0x003F1C0B+1973259]
	Ordinal0 [0x003F6688+1992328]
	Ordinal0 [0x003F6775+1992565]
	Ordinal0 [0x003FF8D1+2029777]
	BaseThreadInitThunk [0x762CFA29+25]
	RtlGetAppContainerNamedObjectPath [0x77367A7E+286]
	RtlGetAppContainerNamedObjectPath [0x77367A4E+238]
">
      <![CDATA[org.openqa.selenium.WebDriverException: chrome not reachable
Build info: version: '3.141.59', revision: 'e82be7d358', time: '2018-11-14T08:17:03'
System info: host: 'DESKTOP-J7LJ4M1', ip: '192.168.43.242', os.name: 'Windows 10', os.arch: 'amd64', os.version: '10.0', java.version: '16.0.1'
Driver info: driver.version: ChromeDriver
remote stacktrace: Backtrace:
Ordinal0 [0x0045B8F3+2406643]
Ordinal0 [0x003EAF31+1945393]
Ordinal0 [0x002DC610+837136]
Ordinal0 [0x002D036B+787307]
Ordinal0 [0x002FC268+967272]
Ordinal0 [0x002F84BA+951482]
Ordinal0 [0x002F5D71+941425]
Ordinal0 [0x00328EE0+1150688]
Ordinal0 [0x00328B3A+1149754]
Ordinal0 [0x00324096+1130646]
Ordinal0 [0x002FE636+976438]
Ordinal0 [0x002FF546+980294]
GetHandleVerifier [0x006C9612+2498066]
GetHandleVerifier [0x006BC920+2445600]
GetHandleVerifier [0x004F4F2A+579370]
GetHandleVerifier [0x004F3D36+574774]
Ordinal0 [0x003F1C0B+1973259]
Ordinal0 [0x003F6688+1992328]
Ordinal0 [0x003F6775+1992565]
Ordinal0 [0x003FF8D1+2029777]
BaseThreadInitThunk [0x762CFA29+25]
RtlGetAppContainerNamedObjectPath [0x77367A7E+286]
RtlGetAppContainerNamedObjectPath [0x77367A4E+238]

at org.openqa.selenium.remote.W3CHandshakeResponse.lambda$errorHandler$0(W3CHandshakeResponse.java:62)
at org.openqa.selenium.remote.HandshakeResponse.lambda$getResponseFunction$0(HandshakeResponse.java:30)
at org.openqa.selenium.remote.ProtocolHandshake.lambda$createSession$0(ProtocolHandshake.java:126)
at java.base/java.util.stream.ReferencePipeline$3$1.accept(ReferencePipeline.java:197)
at java.base/java.util.Spliterators$ArraySpliterator.tryAdvance(Spliterators.java:958)
at java.base/java.util.stream.ReferencePipeline.forEachWithCancel(ReferencePipeline.java:129)
at java.base/java.util.stream.AbstractPipeline.copyIntoWithCancel(AbstractPipeline.java:502)
at java.base/java.util.stream.AbstractPipeline.copyInto(AbstractPipeline.java:488)
at java.base/java.util.stream.AbstractPipeline.wrapAndCopyInto(AbstractPipeline.java:474)
at java.base/java.util.stream.FindOps$FindOp.evaluateSequential(FindOps.java:150)
at java.base/java.util.stream.AbstractPipeline.evaluate(AbstractPipeline.java:234)
at java.base/java.util.stream.ReferencePipeline.findFirst(ReferencePipeline.java:647)
at org.openqa.selenium.remote.ProtocolHandshake.createSession(ProtocolHandshake.java:128)
at org.openqa.selenium.remote.ProtocolHandshake.createSession(ProtocolHandshake.java:74)
at org.openqa.selenium.remote.HttpCommandExecutor.execute(HttpCommandExecutor.java:136)
at org.openqa.selenium.remote.service.DriverCommandExecutor.execute(DriverCommandExecutor.java:83)
at org.openqa.selenium.remote.RemoteWebDriver.execute(RemoteWebDriver.java:552)
at org.openqa.selenium.remote.RemoteWebDriver.startSession(RemoteWebDriver.java:213)
at org.openqa.selenium.remote.RemoteWebDriver.<init>(RemoteWebDriver.java:131)
at org.openqa.selenium.chrome.ChromeDriver.<init>(ChromeDriver.java:181)
at org.openqa.selenium.chrome.ChromeDriver.<init>(ChromeDriver.java:168)
at org.openqa.selenium.chrome.ChromeDriver.<init>(ChromeDriver.java:123)
at com.SDET34l1.genericUtility.BaseClass.beforeClass1Test(BaseClass.java:69)
at java.base/java.util.concurrent.ThreadPoolExecutor.runWorker(ThreadPoolExecutor.java:1130)
at java.base/java.util.concurrent.ThreadPoolExecutor$Worker.run(ThreadPoolExecutor.java:630)
at java.base/java.lang.Thread.run(Thread.java:831)
... Removed 15 stack frames]]>
    </failure>
  </testcase> <!-- @BeforeClass beforeClass1Test -->
  <testcase classname="com.SDET34l1.genericUtility.BaseClass" name="@BeforeMethod beforeMethod1Test" time="-1.653022616226E9">
    <skipped/>
  </testcase> <!-- @BeforeMethod beforeMethod1Test -->
  <testcase classname="com.SDET34l1.genericUtility.BaseClass" name="@AfterMethod afterMethod1Test" time="-1.653022616246E9">
    <skipped/>
  </testcase> <!-- @AfterMethod afterMethod1Test -->
  <testcase classname="com.SDET34l1.genericUtility.BaseClass" name="@AfterClass afterClass1Test" time="-1.653022616247E9">
    <skipped/>
  </testcase> <!-- @AfterClass afterClass1Test -->
  <testcase classname="com.vtiger.compainTest.CreateCampaignsTest" name="creatCampaignTest" time="0.0">
    <skipped/>
  </testcase> <!-- creatCampaignTest -->
  <testcase classname="com.vtiger.contactsTest.CreatContactWith_OrganizationTest" name="creatContactTest" time="0.0">
    <skipped/>
  </testcase> <!-- creatContactTest -->
  <testcase classname="com.vtiger.DocumentationTest.CreateDocumentTest" name="createDocumentTest" time="0.0">
    <skipped/>
  </testcase> <!-- createDocumentTest -->
  <testcase classname="com.vtiger.organizationTest.CreateOrgWithIndustryAndTypeTest" name="org_DropDowntTest" time="77.906"/>
  <testcase classname="com.SDET34l1.genericUtility.BaseClass" name="@BeforeSuite beforesuit1Test" time="0.0">
    <ignored/>
  </testcase> <!-- @BeforeSuite beforesuit1Test -->
  <testcase classname="com.SDET34l1.genericUtility.BaseClass" name="@BeforeSuite beforesuit1Test" time="0.0">
    <ignored/>
  </testcase> <!-- @BeforeSuite beforesuit1Test -->
  <testcase classname="com.SDET34l1.genericUtility.BaseClass" name="@BeforeSuite beforesuit1Test" time="0.0">
    <ignored/>
  </testcase> <!-- @BeforeSuite beforesuit1Test -->
  <testcase classname="com.SDET34l1.genericUtility.BaseClass" name="@AfterSuite afterSuit1Test" time="0.0">
    <ignored/>
  </testcase> <!-- @AfterSuite afterSuit1Test -->
  <testcase classname="com.SDET34l1.genericUtility.BaseClass" name="@AfterSuite afterSuit1Test" time="0.0">
    <ignored/>
  </testcase> <!-- @AfterSuite afterSuit1Test -->
  <testcase classname="com.SDET34l1.genericUtility.BaseClass" name="@AfterSuite afterSuit1Test" time="0.0">
    <ignored/>
  </testcase> <!-- @AfterSuite afterSuit1Test -->
</testsuite> <!-- Test1 -->
